{"level":40,"time":"2026-03-16T23:33:08.558Z","url":"https://kurul.diyanet.gov.tr/DiyanetSikcaTiklananlarSorular","attempt":1,"delayMs":1500,"error":"page.goto: Timeout 45000ms exceeded.\nCall log:\n\u001b[2m  - navigating to \"https://kurul.diyanet.gov.tr/DiyanetSikcaTiklananlarSorular\", waiting until \"domcontentloaded\"\u001b[22m\n","msg":"Fetch retry scheduled"}
{"level":30,"time":"2026-03-16T23:37:28.274Z","attempted":112,"accepted":112,"rejected":0,"failed":0,"msg":"Parse completed"}
{"level":30,"time":"2026-03-16T23:37:40.156Z","exported":111,"rejected":0,"duplicatesRemoved":1,"msg":"Export completed"}
{"level":40,"time":"2026-03-16T23:40:33.997Z","url":"https://kurul.diyanet.gov.tr/soru/seytan-taslamayi-terk-eden-veya-eksik-birakan-kimse-taslarini-dorduncu-gunu-atacak-olursa-o-gun-icin-de-tas-atmasi-gerekir-mi/0193f825-8656-7394-aeea-2e3c407d2417","attempt":1,"delayMs":1500,"error":"ENOENT: no such file or directory, rename '/Users/aliyucel/Documents/rork-zikrim---dua---tesbihat/diyk-dataset/data-full/raw/2026-03-16/kurul_diyanet_gov_tr_soru_seytan_taslamayi_terk_eden_veya_eksik_birakan_kimse_taslarini_dorduncu_gunu_atacak_olursa_o_gu.html.tmp' -> '/Users/aliyucel/Documents/rork-zikrim---dua---tesbihat/diyk-dataset/data-full/raw/2026-03-16/kurul_diyanet_gov_tr_soru_seytan_taslamayi_terk_eden_veya_eksik_birakan_kimse_taslarini_dorduncu_gunu_atacak_olursa_o_gu.html'","msg":"Fetch retry scheduled"}
{"level":50,"time":"2026-03-16T23:42:50.156Z","url":"https://kurul.diyanet.gov.tr/soru/seytan-taslamayi-terk-eden-veya-eksik-birakan-kimse-taslarini-dorduncu-gunu-atacak-olursa-o-gun-icin-de-tas-atmasi-gerekir-mi/0193f820-981a-71b1-d819-823935a0fd80","error":"ENOENT: no such file or directory, rename '/Users/aliyucel/Documents/rork-zikrim---dua---tesbihat/diyk-dataset/data-full/processed/kurul_diyanet_gov_tr_soru_seytan_taslamayi_terk_eden_veya_eksik_birakan_kimse_taslarini_dorduncu_gunu_atacak_olursa_o_gu.accepted.json.tmp' -> '/Users/aliyucel/Documents/rork-zikrim---dua---tesbihat/diyk-dataset/data-full/processed/kurul_diyanet_gov_tr_soru_seytan_taslamayi_terk_eden_veya_eksik_birakan_kimse_taslarini_dorduncu_gunu_atacak_olursa_o_gu.accepted.json'","msg":"Parse failed"}
{"level":30,"time":"2026-03-16T23:42:50.872Z","attempted":150,"accepted":149,"rejected":0,"failed":1,"msg":"Parse completed"}
{"level":30,"time":"2026-03-16T23:43:49.801Z","exported":260,"rejected":0,"duplicatesRemoved":1,"msg":"Export completed"}
{"level":30,"time":"2026-03-16T23:43:49.951Z","attempted":1,"accepted":1,"rejected":0,"failed":0,"msg":"Parse completed"}
{"level":30,"time":"2026-03-16T23:49:31.548Z","attempted":228,"accepted":228,"rejected":0,"failed":0,"msg":"Parse completed"}
{"level":30,"time":"2026-03-16T23:49:47.012Z","exported":487,"rejected":0,"duplicatesRemoved":3,"msg":"Export completed"}
{"level":30,"time":"2026-03-16T23:50:00.681Z","exported":487,"rejected":0,"duplicatesRemoved":3,"msg":"Export completed"}
{"level":40,"time":"2026-03-16T23:50:59.572Z","url":"https://kurul.diyanet.gov.tr/soru/namaz-hangi-hallerde-bozulabilir/0193c42d-51be-74ce-9443-a08fe922ed67","attempt":1,"delayMs":1500,"error":"page.goto: Timeout 45000ms exceeded.\nCall log:\n\u001b[2m  - navigating to \"https://kurul.diyanet.gov.tr/soru/namaz-hangi-hallerde-bozulabilir/0193c42d-51be-74ce-9443-a08fe922ed67\", waiting until \"domcontentloaded\"\u001b[22m\n","msg":"Fetch retry scheduled"}
{"level":30,"time":"2026-03-16T23:53:25.613Z","attempted":164,"accepted":164,"rejected":0,"failed":0,"msg":"Parse completed"}
{"level":30,"time":"2026-03-16T23:53:44.260Z","exported":651,"rejected":0,"duplicatesRemoved":3,"msg":"Export completed"}
{"level":30,"time":"2026-03-17T00:02:07.775Z","attempted":305,"accepted":305,"rejected":0,"failed":0,"msg":"Parse completed"}
{"level":30,"time":"2026-03-17T00:02:25.609Z","exported":956,"rejected":0,"duplicatesRemoved":3,"msg":"Export completed"}
{"level":30,"time":"2026-03-17T00:09:45.658Z","attempted":315,"accepted":315,"rejected":0,"failed":0,"msg":"Parse completed"}
{"level":30,"time":"2026-03-17T00:10:04.616Z","exported":1271,"rejected":0,"duplicatesRemoved":3,"msg":"Export completed"}
{"level":30,"time":"2026-03-17T00:14:19.310Z","discovered":8,"fetched":109,"failed":0,"skipped":0,"msg":"Crawl completed"}
{"level":30,"time":"2026-03-17T00:15:02.091Z","attempted":109,"accepted":109,"rejected":0,"failed":0,"msg":"Parse completed"}
{"level":30,"time":"2026-03-17T00:15:09.767Z","exported":1380,"rejected":0,"duplicatesRemoved":3,"msg":"Export completed"}
{"level":30,"time":"2026-03-17T00:20:55.737Z","exported":1380,"rejected":0,"duplicatesRemoved":3,"msg":"Export completed"}
